<?xml version="1.0" encoding="UTF-8"?>
<!-- Generated by org.testng.reporters.JUnitXMLReporter -->
<testsuite hostname="LAPTOP-CVKA1B2R" ignored="2" name="Default test" tests="1" failures="0" timestamp="11 Nov 2018 00:34:51 GMT" time="70.927" errors="0">
  <testcase name="createContactsTest" time="33.728" classname="com.qa.hubspot.tests.ContactsPageTest"/>
  <testcase name="getContactsPageHeaderTest" time="0.0" classname="com.qa.hubspot.tests.ContactsPageTest">
    <ignored/>
  </testcase> <!-- getContactsPageHeaderTest -->
  <testcase name="getContactsPageTitleTest" time="0.0" classname="com.qa.hubspot.tests.ContactsPageTest">
    <ignored/>
  </testcase> <!-- getContactsPageTitleTest -->
</testsuite> <!-- Default test -->
