<?xml version="1.0" encoding="UTF-8"?>
<!-- Generated by org.testng.reporters.JUnitXMLReporter -->
<testsuite hostname="LAPTOP-CVKA1B2R" ignored="0" name="Hub Spot Regression Test " tests="12" failures="0" timestamp="09 Nov 2018 09:38:29 GMT" time="223.642" errors="0">
  <testcase name="verifyAccountLoggedInNameTest" time="13.206" classname="com.qa.hubspot.tests.HomePageTest"/>
  <testcase name="verifyHomePageHeaderTest" time="14.057" classname="com.qa.hubspot.tests.HomePageTest"/>
  <testcase name="verifyHomePageTitleTest" time="11.654" classname="com.qa.hubspot.tests.HomePageTest"/>
  <testcase name="verifyLoginPageTitleTest" time="0.026" classname="com.qa.hubspot.tests.LoginTest"/>
  <testcase name="verifyForgotasswordLinkTest" time="0.114" classname="com.qa.hubspot.tests.LoginTest"/>
  <testcase name="signUpLinkText" time="0.135" classname="com.qa.hubspot.tests.LoginTest"/>
  <testcase name="forgotPasswordLinkTest" time="0.125" classname="com.qa.hubspot.tests.LoginTest"/>
  <testcase name="verifySignWithGoogletest" time="0.162" classname="com.qa.hubspot.tests.LoginTest"/>
  <testcase name="signWithSSOTest" time="0.14" classname="com.qa.hubspot.tests.LoginTest"/>
  <testcase name="allRightsReservedTest" time="0.134" classname="com.qa.hubspot.tests.LoginTest"/>
  <testcase name="privacyPolicyTest" time="0.12" classname="com.qa.hubspot.tests.LoginTest"/>
  <testcase name="loginTest" time="6.901" classname="com.qa.hubspot.tests.LoginTest"/>
</testsuite> <!-- Hub Spot Regression Test  -->
